<?xml version="1.0" encoding="UTF-8"?>
<!-- Generated by org.testng.reporters.JUnitReportReporter -->
<testsuite hostname="OpenLogix-PC" failures="0" tests="2" name="Academy.E2EPractise.contactUsFlow" time="4.797" errors="0" timestamp="28 Apr 2021 16:51:51 GMT">
  <testcase classname="Academy.E2EPractise.contactUsFlow" name="validateTitle" time="0.027"/>
  <testcase classname="Academy.E2EPractise.contactUsFlow" name="contactUSFlw" time="4.770"/>
</testsuite> <!-- Academy.E2EPractise.contactUsFlow -->
