<?xml version="1.0" encoding="UTF-8"?>
<!-- Generated by org.testng.reporters.JUnitReportReporter -->
<testsuite hostname="OpenLogix-PC" failures="0" tests="1" name="Academy.E2EPractise.Registration" time="8.927" errors="0" timestamp="28 Apr 2021 16:51:51 GMT">
  <testcase classname="Academy.E2EPractise.Registration" name="registrationFlow" time="8.927"/>
</testsuite> <!-- Academy.E2EPractise.Registration -->
