<?xml version="1.0" encoding="UTF-8"?>
<!-- Generated by org.testng.reporters.JUnitReportReporter -->
<testsuite hostname="OpenLogix-PC" failures="0" tests="3" name="Academy.E2EPractise.forgotPassword" time="10.289" errors="0" timestamp="28 Apr 2021 16:51:51 GMT">
  <testcase classname="Academy.E2EPractise.forgotPassword" name="fpassword2" time="2.126"/>
  <testcase classname="Academy.E2EPractise.forgotPassword" name="tsearch" time="2.371"/>
  <testcase classname="Academy.E2EPractise.forgotPassword" name="newsflow" time="5.792"/>
</testsuite> <!-- Academy.E2EPractise.forgotPassword -->
