<?xml version="1.0" encoding="UTF-8"?>
<!-- Generated by org.testng.reporters.JUnitReportReporter -->
<testsuite hostname="DESKTOP-42O4O1H" failures="0" tests="1" name="Academy.E2EPractise.ContactUsFlow" time="9.351" errors="0" timestamp="2 Nov 2021 09:47:43 GMT">
  <testcase classname="Academy.E2EPractise.ContactUsFlow" name="contus" time="9.351"/>
</testsuite> <!-- Academy.E2EPractise.ContactUsFlow -->
