<?xml version="1.0" encoding="UTF-8"?>
<!-- Generated by org.testng.reporters.JUnitReportReporter -->
<testsuite hostname="OpenLogix-PC" failures="0" tests="1" name="Academy.E2EPractise.NewsletterFlow" time="10.110" errors="0" timestamp="17 Feb 2021 14:58:00 GMT">
  <testcase classname="Academy.E2EPractise.NewsletterFlow" name="newsletflow" time="10.110"/>
</testsuite> <!-- Academy.E2EPractise.NewsletterFlow -->
