<?xml version="1.0" encoding="UTF-8"?>
<!-- Generated by org.testng.reporters.JUnitReportReporter -->
<testsuite hostname="DESKTOP-42O4O1H" failures="0" tests="1" name="Academy.E2EPractise.Registration" time="24.084" errors="0" timestamp="2 Nov 2021 09:47:43 GMT">
  <testcase classname="Academy.E2EPractise.Registration" name="registrationFlow" time="24.084"/>
</testsuite> <!-- Academy.E2EPractise.Registration -->
