<?xml version="1.0" encoding="UTF-8"?>
<!-- Generated by org.testng.reporters.JUnitReportReporter -->
<testsuite hostname="DESKTOP-42O4O1H" failures="0" tests="1" name="Academy.E2EPractise.TermsAndConditionsFlow" time="7.865" errors="0" timestamp="2 Nov 2021 10:06:24 GMT">
  <testcase classname="Academy.E2EPractise.TermsAndConditionsFlow" name="termscondtionsflw" time="7.865"/>
</testsuite> <!-- Academy.E2EPractise.TermsAndConditionsFlow -->
