<?xml version="1.0" encoding="UTF-8"?>
<!-- Generated by org.testng.reporters.JUnitReportReporter -->
<testsuite hostname="OpenLogix-PC" failures="0" tests="1" name="Academy.E2EPractise.ContactUsFlow" time="14.556" errors="0" timestamp="20 Sep 2021 10:14:34 GMT">
  <testcase classname="Academy.E2EPractise.ContactUsFlow" name="contus" time="14.556"/>
</testsuite> <!-- Academy.E2EPractise.ContactUsFlow -->
