<?xml version="1.0" encoding="UTF-8"?>
<!-- Generated by org.testng.reporters.JUnitReportReporter -->
<testsuite hostname="OpenLogix-PC" failures="0" tests="6" name="Academy.E2EPractise.HomePage" time="16.743" errors="0" timestamp="2 Apr 2021 07:24:51 GMT">
  <testcase classname="Academy.E2EPractise.HomePage" name="newsletFlow" time="3.055"/>
  <testcase classname="Academy.E2EPractise.HomePage" name="basepageNavigation" time="1.827"/>
  <testcase classname="Academy.E2EPractise.HomePage" name="tShirtFlow" time="3.590"/>
  <testcase classname="Academy.E2EPractise.HomePage" name="dressesLinks" time="6.216"/>
  <testcase classname="Academy.E2EPractise.HomePage" name="socialMediaLinks" time="1.878"/>
  <testcase classname="Academy.E2EPractise.HomePage" name="searchFlow" time="0.177"/>
</testsuite> <!-- Academy.E2EPractise.HomePage -->
